SF:lib/core/app_config/api_services.dart
DA:9,0
DA:12,0
DA:14,0
DA:19,0
DA:21,0
DA:26,0
DA:28,0
DA:33,0
DA:35,0
LF:9
LH:0
end_of_record
SF:lib/core/resouces/secure_storage.dart
DA:10,0
DA:11,0
DA:14,0
DA:15,0
DA:16,0
DA:20,0
DA:21,0
DA:24,0
DA:25,0
DA:28,0
DA:30,0
DA:31,0
DA:34,0
DA:35,0
DA:36,0
DA:39,0
DA:40,0
DA:43,0
DA:44,0
LF:19
LH:0
end_of_record
SF:lib/features/authentication/data/models/request/login_request_model.dart
DA:8,1
DA:13,1
DA:14,1
DA:15,1
DA:16,1
DA:17,1
DA:20,0
DA:21,0
DA:23,2
LF:9
LH:7
end_of_record
SF:lib/features/authentication/data/models/request/login_request_model.g.dart
DA:9,0
DA:10,0
DA:11,0
DA:12,0
DA:13,0
DA:16,1
DA:17,1
DA:18,1
DA:19,1
DA:20,1
LF:10
LH:5
end_of_record
SF:lib/features/authentication/data/models/response/get_current_auth_response_model.dart
DA:9,1
DA:18,1
DA:19,1
DA:21,2
LF:4
LH:4
end_of_record
SF:lib/features/authentication/data/models/response/get_current_auth_response_model.g.dart
DA:9,1
DA:11,1
DA:12,2
DA:13,1
DA:14,1
DA:15,1
DA:16,1
DA:17,2
DA:18,1
DA:21,1
DA:23,1
DA:24,1
DA:25,1
DA:26,1
DA:27,1
DA:28,1
DA:29,2
DA:30,1
LF:18
LH:18
end_of_record
SF:lib/features/authentication/data/models/response/login_response_model.dart
DA:9,1
DA:20,0
DA:21,0
DA:22,0
DA:23,0
DA:24,0
DA:25,0
DA:26,0
DA:27,0
DA:28,0
DA:29,0
DA:30,0
DA:33,1
DA:34,1
DA:36,2
LF:15
LH:4
end_of_record
SF:lib/features/authentication/data/models/response/login_response_model.g.dart
DA:9,1
DA:10,1
DA:11,2
DA:12,1
DA:13,1
DA:14,1
DA:15,1
DA:16,2
DA:17,1
DA:18,1
DA:19,1
DA:22,1
DA:23,1
DA:24,1
DA:25,1
DA:26,1
DA:27,1
DA:28,1
DA:29,2
DA:30,1
DA:31,1
DA:32,1
LF:22
LH:22
end_of_record
SF:lib/features/authentication/domain/use_cases/get_current_auth_use_case.dart
DA:10,0
DA:13,0
DA:17,0
LF:3
LH:0
end_of_record
SF:lib/features/authentication/domain/use_cases/log_in_use_case.dart
DA:11,0
DA:14,0
DA:18,0
LF:3
LH:0
end_of_record
SF:lib/core/enums/gender_type.dart
DA:6,1
DA:8,1
DA:10,1
DA:12,0
DA:14,0
DA:21,16
DA:23,1
DA:26,1
DA:28,1
DA:35,1
DA:37,1
LF:11
LH:9
end_of_record
SF:lib/core/extensions/response_extension.dart
DA:6,0
DA:7,4
LF:2
LH:1
end_of_record
SF:lib/features/authentication/data/models/request/refresh_token_request_model.dart
DA:7,1
DA:10,0
DA:12,0
DA:13,0
DA:16,0
DA:17,0
DA:19,0
LF:7
LH:1
end_of_record
SF:lib/features/authentication/data/models/request/refresh_token_request_model.g.dart
DA:9,0
DA:11,0
DA:12,0
DA:13,0
DA:16,0
DA:18,0
DA:19,0
DA:20,0
LF:8
LH:0
end_of_record
SF:lib/features/authentication/data/models/response/refresh_token_response_model.dart
DA:7,1
DA:10,1
DA:11,1
DA:13,2
LF:4
LH:4
end_of_record
SF:lib/features/authentication/data/models/response/refresh_token_response_model.g.dart
DA:9,1
DA:11,1
DA:12,1
DA:13,1
DA:16,1
DA:18,1
DA:19,1
DA:20,1
LF:8
LH:8
end_of_record
SF:lib/features/authentication/domain/entities/request/log_in_request_entity.dart
DA:8,7
DA:13,0
DA:15,0
LF:3
LH:1
end_of_record
SF:lib/features/authentication/domain/entities/response/get_current_auth_response_entity.dart
DA:13,1
LF:1
LH:1
end_of_record
SF:lib/features/authentication/domain/entities/response/log_in_response_entity.dart
DA:5,1
LF:1
LH:1
end_of_record
SF:lib/features/authentication/data/repositories/auth_repository_impl.dart
DA:18,1
DA:20,1
DA:23,1
DA:25,3
DA:28,2
DA:29,1
DA:31,1
DA:32,1
DA:36,1
DA:38,2
DA:40,2
DA:41,1
DA:43,1
DA:44,1
DA:48,1
DA:51,2
DA:54,2
DA:55,1
DA:57,1
LF:19
LH:19
end_of_record
SF:lib/core/app_config/dio_config.dart
DA:13,0
DA:19,0
DA:20,0
DA:23,0
LF:4
LH:0
end_of_record
SF:lib/core/app_config/interceptor.dart
DA:14,0
DA:16,0
DA:19,0
DA:21,0
DA:23,0
DA:24,0
DA:27,0
DA:30,0
DA:31,0
DA:33,0
DA:36,0
DA:37,0
DA:39,0
DA:41,0
DA:42,0
DA:45,0
DA:49,0
DA:50,0
DA:51,0
DA:52,0
DA:54,0
DA:55,0
DA:59,0
DA:60,0
DA:61,0
DA:63,0
DA:64,0
DA:68,0
DA:69,0
DA:70,0
DA:72,0
DA:77,0
DA:78,0
DA:81,0
DA:82,0
DA:83,0
DA:84,0
DA:85,0
LF:38
LH:0
end_of_record
SF:lib/core/resouces/services_locator/services_locator.dart
DA:6,0
DA:8,0
DA:14,0
LF:3
LH:0
end_of_record
SF:lib/core/enums/auth_status.dart
DA:8,0
DA:9,0
LF:2
LH:0
end_of_record
SF:lib/core/enums/state_status.dart
DA:4,0
DA:5,0
LF:2
LH:0
end_of_record
SF:lib/features/authentication/domain/use_cases/refresh_token_use_case.dart
DA:13,0
DA:16,0
DA:19,0
LF:3
LH:0
end_of_record
SF:lib/features/authentication/presentation/bloc/authentication_bloc/authentication_state.dart
DA:4,8
DA:14,2
DA:18,2
DA:19,2
DA:20,2
DA:21,2
DA:24,2
DA:25,8
LF:8
LH:8
end_of_record
SF:lib/features/authentication/presentation/bloc/authentication_bloc/authentication_bloc.dart
DA:24,1
DA:28,1
DA:29,2
DA:30,2
DA:31,2
DA:34,1
DA:36,2
DA:39,2
DA:40,1
DA:41,3
DA:45,3
DA:48,3
DA:52,1
DA:54,3
DA:56,2
DA:60,1
DA:61,2
DA:62,2
DA:63,2
DA:65,1
DA:67,3
DA:74,1
DA:76,1
DA:77,1
DA:78,2
DA:79,1
LF:26
LH:26
end_of_record
SF:lib/features/authentication/presentation/bloc/authentication_bloc/authentication_event.dart
DA:4,2
DA:6,1
DA:7,1
LF:3
LH:3
end_of_record
SF:lib/features/authentication/presentation/bloc/login_bloc/login_event.dart
DA:4,0
DA:6,0
DA:7,0
DA:11,0
DA:15,0
DA:16,0
DA:20,0
DA:24,0
DA:25,0
LF:9
LH:0
end_of_record
SF:lib/features/authentication/presentation/bloc/login_bloc/login_state.dart
DA:4,4
DA:14,0
DA:16,0
DA:17,0
DA:18,0
DA:19,0
DA:22,0
DA:23,0
LF:8
LH:1
end_of_record
SF:lib/features/authentication/presentation/bloc/login_bloc/login_bloc.dart
DA:14,0
DA:15,0
DA:16,0
DA:17,0
DA:20,0
DA:22,0
DA:25,0
DA:27,0
DA:30,0
DA:32,0
LF:10
LH:0
end_of_record
SF:lib/features/home/data/repositories/products_repository_impl.dart
DA:12,0
DA:14,0
DA:16,0
DA:19,0
DA:20,0
DA:22,0
DA:23,0
LF:7
LH:0
end_of_record
SF:lib/features/home/domain/use_cases/get_products_use_case.dart
DA:10,0
DA:13,0
DA:15,0
LF:3
LH:0
end_of_record
SF:lib/features/home/presentation/bloc/products_bloc/products_bloc.dart
DA:17,0
DA:18,0
DA:21,0
DA:23,0
DA:25,0
DA:26,0
DA:27,0
DA:28,0
LF:8
LH:0
end_of_record
SF:lib/features/home/presentation/bloc/products_bloc/products_state.dart
DA:4,4
DA:9,0
DA:11,0
DA:12,0
DA:13,0
DA:16,0
DA:17,0
LF:7
LH:1
end_of_record
SF:lib/features/home/presentation/bloc/products_bloc/products_event.dart
DA:4,0
DA:6,0
DA:7,0
LF:3
LH:0
end_of_record
SF:lib/features/authentication/domain/entities/request/refresh_token_request_entity.dart
DA:5,1
LF:1
LH:1
end_of_record
SF:lib/features/authentication/domain/entities/response/refresh_token_response_entity.dart
DA:7,1
LF:1
LH:1
end_of_record
SF:lib/features/shares/domain/repositories/base_repository.dart
DA:5,1
DA:8,1
DA:9,1
DA:11,1
DA:12,1
DA:13,1
DA:14,1
DA:15,1
DA:16,1
DA:17,1
LF:10
LH:10
end_of_record
SF:lib/features/authentication/domain/entities/user_info_entity.dart
DA:15,6
DA:25,0
DA:26,0
DA:27,0
DA:28,0
DA:29,0
DA:30,0
DA:31,0
DA:32,0
DA:33,0
DA:35,0
DA:37,0
DA:38,0
DA:39,0
DA:40,0
DA:41,0
DA:42,0
DA:43,0
DA:44,0
DA:46,1
DA:48,1
LF:21
LH:3
end_of_record
SF:lib/features/shares/domain/entities/response/password_entity.dart
DA:7,4
DA:9,0
DA:10,0
DA:12,0
DA:13,0
LF:5
LH:1
end_of_record
SF:lib/features/home/data/models/product/product_dimensions_model.dart
DA:7,0
DA:10,0
DA:11,0
DA:13,0
LF:4
LH:0
end_of_record
SF:lib/features/home/data/models/product/product_dimensions_model.g.dart
DA:9,0
DA:11,0
DA:12,0
DA:13,0
DA:14,0
DA:17,0
DA:19,0
DA:20,0
DA:21,0
DA:22,0
LF:10
LH:0
end_of_record
SF:lib/features/home/domain/entities/product/product_dimensions_entity.dart
DA:6,0
LF:1
LH:0
end_of_record
SF:lib/features/home/data/models/product/product_meta_model.dart
DA:7,0
DA:13,0
DA:14,0
DA:16,0
LF:4
LH:0
end_of_record
SF:lib/features/home/data/models/product/product_meta_model.g.dart
DA:9,0
DA:10,0
DA:11,0
DA:12,0
DA:13,0
DA:14,0
DA:17,0
DA:18,0
DA:19,0
DA:20,0
DA:21,0
DA:22,0
LF:12
LH:0
end_of_record
SF:lib/features/home/domain/entities/product/product_meta_entity.dart
DA:7,0
LF:1
LH:0
end_of_record
SF:lib/features/home/data/models/product/product_model.dart
DA:11,0
DA:13,0
DA:15,0
DA:17,0
DA:19,0
DA:20,0
DA:22,0
DA:45,0
DA:51,0
DA:52,0
DA:54,0
LF:11
LH:0
end_of_record
SF:lib/features/home/data/models/product/product_model.g.dart
DA:9,0
DA:10,0
DA:11,0
DA:12,0
DA:13,0
DA:14,0
DA:15,0
DA:16,0
DA:17,0
DA:18,0
DA:19,0
DA:20,0
DA:21,0
DA:22,0
DA:23,0
DA:24,0
DA:25,0
DA:26,0
DA:27,0
DA:28,0
DA:29,0
DA:30,0
DA:31,0
DA:32,0
DA:33,0
DA:35,0
DA:38,0
DA:39,0
DA:40,0
DA:41,0
DA:42,0
DA:43,0
DA:44,0
DA:45,0
DA:46,0
DA:47,0
DA:48,0
DA:49,0
DA:50,0
DA:51,0
DA:52,0
DA:53,0
DA:54,0
DA:55,0
DA:56,0
DA:57,0
DA:58,0
DA:59,0
DA:60,0
DA:61,0
LF:50
LH:0
end_of_record
SF:lib/features/home/data/models/product/product_review_model.dart
DA:7,0
DA:14,0
DA:15,0
DA:17,0
LF:4
LH:0
end_of_record
SF:lib/features/home/data/models/product/product_review_model.g.dart
DA:9,0
DA:10,0
DA:11,0
DA:12,0
DA:13,0
DA:14,0
DA:15,0
DA:18,0
DA:19,0
DA:20,0
DA:21,0
DA:22,0
DA:23,0
DA:24,0
LF:14
LH:0
end_of_record
SF:lib/features/home/domain/entities/product/product_entity.dart
DA:30,0
DA:55,0
DA:56,0
DA:57,0
DA:58,0
DA:59,0
DA:65,0
DA:69,0
DA:73,0
DA:76,0
DA:77,0
DA:78,0
DA:82,0
LF:13
LH:0
end_of_record
SF:lib/features/home/domain/entities/product/product_review_entity.dart
DA:8,0
LF:1
LH:0
end_of_record
SF:lib/features/home/data/models/response/get_products_response_model.dart
DA:9,0
DA:10,0
DA:12,0
DA:17,0
DA:19,0
DA:20,0
DA:22,0
LF:7
LH:0
end_of_record
SF:lib/features/home/data/models/response/get_products_response_model.g.dart
DA:9,0
DA:11,0
DA:12,0
DA:13,0
DA:14,0
DA:15,0
DA:16,0
DA:17,0
DA:20,0
DA:22,0
DA:23,0
DA:24,0
DA:25,0
DA:26,0
LF:14
LH:0
end_of_record
SF:lib/features/home/domain/entities/response/get_products_response_entity.dart
DA:9,0
LF:1
LH:0
end_of_record
